#
# There is insufficient memory for the Java Runtime Environment to continue.
# Native memory allocation (malloc) failed to allocate 786656 bytes for Chunk::new
# Possible reasons:
#   The system is out of physical RAM or swap space
#   In 32 bit mode, the process size limit was hit
# Possible solutions:
#   Reduce memory load on the system
#   Increase physical memory or swap space
#   Check if swap backing store is full
#   Use 64 bit Java on a 64 bit OS
#   Decrease Java heap size (-Xmx/-Xms)
#   Decrease number of Java threads
#   Decrease Java thread stack sizes (-Xss)
#   Set larger code cache with -XX:ReservedCodeCacheSize=
# This output file may be truncated or incomplete.
#
#  Out of Memory Error (allocation.cpp:390), pid=960, tid=0x0000000000000708
#
# JRE version: Java(TM) SE Runtime Environment (8.0_144-b01) (build 1.8.0_144-b01)
# Java VM: Java HotSpot(TM) 64-Bit Server VM (25.144-b01 mixed mode windows-amd64 compressed oops)
# Failed to write core dump. Minidumps are not enabled by default on client versions of Windows
#

---------------  T H R E A D  ---------------

Current thread (0x0000000018cbe800):  JavaThread "C2 CompilerThread0" daemon [_thread_in_native, id=1800, stack(0x000000001a440000,0x000000001a540000)]

Stack: [0x000000001a440000,0x000000001a540000]
[error occurred during error reporting (printing stack bounds), id 0xc0000005]

Native frames: (J=compiled Java code, j=interpreted, Vv=VM code, C=native code)


Current CompileTask:
C2:   5237 1339       4       java.net.URLClassLoader$1::run (5 bytes)


---------------  P R O C E S S  ---------------

Java Threads: ( => current thread )
  0x000000001bf30800 JavaThread "Stdin handler" [_thread_blocked, id=15828, stack(0x000000001d730000,0x000000001d830000)]
  0x000000001bf30000 JavaThread "Asynchronous log dispatcher for DefaultDaemonConnection: socket connection from /127.0.0.1:62053 to /127.0.0.1:62054" [_thread_blocked, id=2112, stack(0x000000001d630000,0x000000001d730000)]
  0x000000001b932000 JavaThread "Daemon worker" [_thread_in_native, id=9508, stack(0x000000001d530000,0x000000001d630000)]
  0x000000001b939800 JavaThread "Cancel handler" [_thread_blocked, id=15100, stack(0x000000001d430000,0x000000001d530000)]
  0x000000001bab0800 JavaThread "Handler for socket connection from /127.0.0.1:62053 to /127.0.0.1:62054" [_thread_in_native, id=15288, stack(0x000000001d330000,0x000000001d430000)]
  0x000000001baa9000 JavaThread "Daemon" [_thread_blocked, id=8960, stack(0x000000001d230000,0x000000001d330000)]
  0x000000001b96a800 JavaThread "Incoming local TCP Connector on port 62053" [_thread_in_native, id=4256, stack(0x000000001cb50000,0x000000001cc50000)]
  0x000000001b996000 JavaThread "pool-1-thread-1" [_thread_blocked, id=10904, stack(0x000000001c850000,0x000000001c950000)]
  0x000000001a768800 JavaThread "Service Thread" daemon [_thread_blocked, id=2608, stack(0x000000001ab40000,0x000000001ac40000)]
  0x0000000018cca800 JavaThread "C1 CompilerThread2" daemon [_thread_blocked, id=16232, stack(0x000000001a640000,0x000000001a740000)]
  0x0000000018cc3800 JavaThread "C2 CompilerThread1" daemon [_thread_blocked, id=7476, stack(0x000000001a540000,0x000000001a640000)]
=>0x0000000018cbe800 JavaThread "C2 CompilerThread0" daemon [_thread_in_native, id=1800, stack(0x000000001a440000,0x000000001a540000)]
  0x0000000018cbc800 JavaThread "Attach Listener" daemon [_thread_blocked, id=11088, stack(0x000000001a340000,0x000000001a440000)]
  0x0000000018cbb000 JavaThread "Signal Dispatcher" daemon [_thread_blocked, id=16248, stack(0x000000001a240000,0x000000001a340000)]
  0x0000000018caa000 JavaThread "Finalizer" daemon [_thread_blocked, id=4932, stack(0x0000000019f50000,0x000000001a050000)]
  0x0000000005340000 JavaThread "Reference Handler" daemon [_thread_blocked, id=13804, stack(0x0000000019e50000,0x0000000019f50000)]
  0x000000000521e000 JavaThread "main" [_thread_blocked, id=7904, stack(0x0000000005050000,0x0000000005150000)]

Other Threads:
  0x0000000018c88000 VMThread [stack: 0x0000000019d50000,0x0000000019e50000] [id=10672]
  0x000000001a76d800 WatcherThread [stack: 0x000000001ac40000,0x000000001ad40000] [id=8460]

VM state:not at safepoint (normal execution)

VM Mutex/Monitor currently owned by a thread: None

Heap:
 PSYoungGen      total 38400K, used 28400K [0x00000000e0000000, 0x00000000e2a80000, 0x0000000100000000)
  eden space 33280K, 69% used [0x00000000e0000000,0x00000000e16be5f8,0x00000000e2080000)
  from space 5120K, 99% used [0x00000000e2580000,0x00000000e2a7da60,0x00000000e2a80000)
  to   space 5120K, 0% used [0x00000000e2080000,0x00000000e2080000,0x00000000e2580000)
 ParOldGen       total 87552K, used 853K [0x00000000a0000000, 0x00000000a5580000, 0x00000000e0000000)
  object space 87552K, 0% used [0x00000000a0000000,0x00000000a00d5748,0x00000000a5580000)
 Metaspace       used 15468K, capacity 15772K, committed 15872K, reserved 1062912K
  class space    used 2187K, capacity 2287K, committed 2304K, reserved 1048576K

Card table byte_map: [0x0000000014710000,0x0000000014a20000] byte_map_base: 0x0000000014210000

Marking Bits: (ParMarkBitMap*) 0x0000000058f7d850
 Begin Bits: [0x0000000015020000, 0x0000000016820000)
 End Bits:   [0x0000000016820000, 0x0000000018020000)

Polling page: 0x00000000033a0000

CodeCache: size=245760Kb used=4808Kb max_used=4813Kb free=240951Kb
 bounds [0x0000000005350000, 0x0000000005810000, 0x0000000014350000]
 total_blobs=1735 nmethods=1346 adapters=302
 compilation: enabled

Compilation events (10 events):
Event: 5.141 Thread 0x0000000018cbe800 1339       4       java.net.URLClassLoader$1::run (5 bytes)
Event: 5.141 Thread 0x0000000018cca800 nmethod 1337 0x0000000005803290 code [0x0000000005803400, 0x00000000058035e8]
Event: 5.141 Thread 0x0000000018cca800 1338       3       java.lang.Exception::<init> (7 bytes)
Event: 5.141 Thread 0x0000000018cca800 nmethod 1338 0x0000000005802f10 code [0x0000000005803080, 0x0000000005803208]
Event: 5.150 Thread 0x0000000018cca800 1340       1       java.security.Permission::getName (5 bytes)
Event: 5.150 Thread 0x0000000018cca800 nmethod 1340 0x0000000005802c50 code [0x0000000005802da0, 0x0000000005802eb0]
Event: 5.187 Thread 0x0000000018cc3800 1341       4       java.lang.ref.Finalizer::register (10 bytes)
Event: 5.190 Thread 0x0000000018cc3800 nmethod 1341 0x0000000005801150 code [0x00000000058012c0, 0x0000000005801638]
Event: 5.193 Thread 0x0000000018cca800 1342       3       java.lang.Thread::interrupted (8 bytes)
Event: 5.194 Thread 0x0000000018cca800 nmethod 1342 0x0000000005800d90 code [0x0000000005800f00, 0x0000000005801088]

GC Heap History (4 events):
Event: 2.558 GC heap before
{Heap before GC invocations=1 (full 0):
 PSYoungGen      total 38400K, used 33280K [0x00000000e0000000, 0x00000000e2a80000, 0x0000000100000000)
  eden space 33280K, 100% used [0x00000000e0000000,0x00000000e2080000,0x00000000e2080000)
  from space 5120K, 0% used [0x00000000e2580000,0x00000000e2580000,0x00000000e2a80000)
  to   space 5120K, 0% used [0x00000000e2080000,0x00000000e2080000,0x00000000e2580000)
 ParOldGen       total 87552K, used 0K [0x00000000a0000000, 0x00000000a5580000, 0x00000000e0000000)
  object space 87552K, 0% used [0x00000000a0000000,0x00000000a0000000,0x00000000a5580000)
 Metaspace       used 6901K, capacity 7004K, committed 7040K, reserved 1056768K
  class space    used 865K, capacity 888K, committed 896K, reserved 1048576K
Event: 2.566 GC heap after
Heap after GC invocations=1 (full 0):
 PSYoungGen      total 38400K, used 4242K [0x00000000e0000000, 0x00000000e2a80000, 0x0000000100000000)
  eden space 33280K, 0% used [0x00000000e0000000,0x00000000e0000000,0x00000000e2080000)
  from space 5120K, 82% used [0x00000000e2080000,0x00000000e24a4ac8,0x00000000e2580000)
  to   space 5120K, 0% used [0x00000000e2580000,0x00000000e2580000,0x00000000e2a80000)
 ParOldGen       total 87552K, used 8K [0x00000000a0000000, 0x00000000a5580000, 0x00000000e0000000)
  object space 87552K, 0% used [0x00000000a0000000,0x00000000a0002000,0x00000000a5580000)
 Metaspace       used 6901K, capacity 7004K, committed 7040K, reserved 1056768K
  class space    used 865K, capacity 888K, committed 896K, reserved 1048576K
}
Event: 4.662 GC heap before
{Heap before GC invocations=2 (full 0):
 PSYoungGen      total 38400K, used 37522K [0x00000000e0000000, 0x00000000e2a80000, 0x0000000100000000)
  eden space 33280K, 100% used [0x00000000e0000000,0x00000000e2080000,0x00000000e2080000)
  from space 5120K, 82% used [0x00000000e2080000,0x00000000e24a4ac8,0x00000000e2580000)
  to   space 5120K, 0% used [0x00000000e2580000,0x00000000e2580000,0x00000000e2a80000)
 ParOldGen       total 87552K, used 8K [0x00000000a0000000, 0x00000000a5580000, 0x00000000e0000000)
  object space 87552K, 0% used [0x00000000a0000000,0x00000000a0002000,0x00000000a5580000)
 Metaspace       used 13145K, capacity 13468K, committed 13696K, reserved 1060864K
  class space    used 1799K, capacity 1903K, committed 1920K, reserved 1048576K
Event: 4.670 GC heap after
Heap after GC invocations=2 (full 0):
 PSYoungGen      total 38400K, used 5110K [0x00000000e0000000, 0x00000000e2a80000, 0x0000000100000000)
  eden space 33280K, 0% used [0x00000000e0000000,0x00000000e0000000,0x00000000e2080000)
  from space 5120K, 99% used [0x00000000e2580000,0x00000000e2a7da60,0x00000000e2a80000)
  to   space 5120K, 0% used [0x00000000e2080000,0x00000000e2080000,0x00000000e2580000)
 ParOldGen       total 87552K, used 853K [0x00000000a0000000, 0x00000000a5580000, 0x00000000e0000000)
  object space 87552K, 0% used [0x00000000a0000000,0x00000000a00d5748,0x00000000a5580000)
 Metaspace       used 13145K, capacity 13468K, committed 13696K, reserved 1060864K
  class space    used 1799K, capacity 1903K, committed 1920K, reserved 1048576K
}

Deoptimization events (10 events):
Event: 2.898 Thread 0x000000000521e000 Uncommon trap: reason=bimorphic action=maybe_recompile pc=0x000000000561644c method=java.util.HashMap.putVal(ILjava/lang/Object;Ljava/lang/Object;ZZ)Ljava/lang/Object; @ 203
Event: 2.898 Thread 0x000000000521e000 Uncommon trap: reason=unstable_if action=reinterpret pc=0x00000000055977fc method=java.util.HashMap.getNode(ILjava/lang/Object;)Ljava/util/HashMap$Node; @ 129
Event: 2.898 Thread 0x000000000521e000 Uncommon trap: reason=bimorphic action=maybe_recompile pc=0x000000000561644c method=java.util.HashMap.putVal(ILjava/lang/Object;Ljava/lang/Object;ZZ)Ljava/lang/Object; @ 203
Event: 3.163 Thread 0x000000000521e000 Uncommon trap: reason=unstable_if action=reinterpret pc=0x000000000567226c method=java.io.WinNTFileSystem.normalize(Ljava/lang/String;)Ljava/lang/String; @ 128
Event: 3.163 Thread 0x000000000521e000 Uncommon trap: reason=unstable_if action=reinterpret pc=0x000000000564e11c method=java.io.WinNTFileSystem.normalize(Ljava/lang/String;II)Ljava/lang/String; @ 90
Event: 3.210 Thread 0x000000000521e000 Uncommon trap: reason=unstable_if action=reinterpret pc=0x00000000055e2c88 method=java.lang.String.substring(I)Ljava/lang/String; @ 35
Event: 4.387 Thread 0x000000000521e000 Uncommon trap: reason=unstable_if action=reinterpret pc=0x0000000005660730 method=java.util.LinkedHashMap.afterNodeInsertion(Z)V @ 1
Event: 4.543 Thread 0x000000000521e000 Uncommon trap: reason=unstable_if action=reinterpret pc=0x000000000559f8c4 method=sun.misc.MetaIndex.mayContain(Ljava/lang/String;)Z @ 38
Event: 4.881 Thread 0x000000001b932000 Uncommon trap: reason=class_check action=maybe_recompile pc=0x00000000055b709c method=java.util.regex.Matcher.match(II)Z @ 86
Event: 4.882 Thread 0x000000001b932000 Uncommon trap: reason=class_check action=maybe_recompile pc=0x00000000055b709c method=java.util.regex.Matcher.match(II)Z @ 86

Internal exceptions (10 events):
Event: 4.443 Thread 0x000000000521e000 Exception <a 'java/lang/ArrayIndexOutOfBoundsException'> (0x00000000e162c6d8) thrown at [C:\re\workspace\8-2-build-windows-amd64-cygwin\jdk8u144\9417\hotspot\src\share\vm\runtime\sharedRuntime.cpp, line 605]
Event: 4.445 Thread 0x000000001bab0800 Exception <a 'java/lang/NoSuchMethodError': <clinit>> (0x00000000e1981268) thrown at [C:\re\workspace\8-2-build-windows-amd64-cygwin\jdk8u144\9417\hotspot\src\share\vm\prims\jni.cpp, line 1613]
Event: 4.448 Thread 0x000000001bab0800 Exception <a 'java/lang/NoSuchMethodError': <clinit>> (0x00000000e1991ab8) thrown at [C:\re\workspace\8-2-build-windows-amd64-cygwin\jdk8u144\9417\hotspot\src\share\vm\prims\jni.cpp, line 1613]
Event: 4.451 Thread 0x000000001bab0800 Exception <a 'java/lang/NoSuchMethodError': <clinit>> (0x00000000e19b7048) thrown at [C:\re\workspace\8-2-build-windows-amd64-cygwin\jdk8u144\9417\hotspot\src\share\vm\prims\jni.cpp, line 1613]
Event: 4.485 Thread 0x000000001b932000 Exception <a 'java/lang/NoSuchMethodError': <clinit>> (0x00000000e1b7a0e8) thrown at [C:\re\workspace\8-2-build-windows-amd64-cygwin\jdk8u144\9417\hotspot\src\share\vm\prims\jni.cpp, line 1613]
Event: 4.486 Thread 0x000000001b932000 Exception <a 'java/lang/NoSuchMethodError': <clinit>> (0x00000000e1b82370) thrown at [C:\re\workspace\8-2-build-windows-amd64-cygwin\jdk8u144\9417\hotspot\src\share\vm\prims\jni.cpp, line 1613]
Event: 4.489 Thread 0x000000000521e000 Exception <a 'java/lang/ArrayIndexOutOfBoundsException'> (0x00000000e1ae1f98) thrown at [C:\re\workspace\8-2-build-windows-amd64-cygwin\jdk8u144\9417\hotspot\src\share\vm\runtime\sharedRuntime.cpp, line 605]
Event: 4.515 Thread 0x000000000521e000 Exception <a 'java/lang/ArrayIndexOutOfBoundsException'> (0x00000000e1af0040) thrown at [C:\re\workspace\8-2-build-windows-amd64-cygwin\jdk8u144\9417\hotspot\src\share\vm\runtime\sharedRuntime.cpp, line 605]
Event: 4.581 Thread 0x000000001b932000 Exception <a 'java/lang/ArrayIndexOutOfBoundsException'> (0x00000000e1dd97b8) thrown at [C:\re\workspace\8-2-build-windows-amd64-cygwin\jdk8u144\9417\hotspot\src\share\vm\runtime\sharedRuntime.cpp, line 605]
Event: 4.626 Thread 0x000000001b932000 Exception <a 'java/lang/ArrayIndexOutOfBoundsException'> (0x00000000e1eaf208) thrown at [C:\re\workspace\8-2-build-windows-amd64-cygwin\jdk8u144\9417\hotspot\src\share\vm\runtime\sharedRuntime.cpp, line 605]

Events (10 events):
Event: 5.186 loading class org/gradle/api/internal/AsmBackedClassGenerator$ClassBuilderImpl$3 done
Event: 5.187 loading class org/gradle/api/internal/AsmBackedClassGenerator$ClassBuilderImpl$7
Event: 5.187 loading class org/gradle/api/internal/AsmBackedClassGenerator$ClassBuilderImpl$7 done
Event: 5.187 loading class org/objectweb/asm/Edge
Event: 5.187 loading class org/objectweb/asm/Edge done
Event: 5.188 loading class org/gradle/api/internal/AsmBackedClassGenerator$ClassBuilderImpl$5
Event: 5.188 loading class org/gradle/api/internal/AsmBackedClassGenerator$ClassBuilderImpl$5 done
Event: 5.189 loading class groovy/lang/MetaClassRegistryChangeEventListener
Event: 5.189 loading class groovy/lang/MetaClassRegistryChangeEventListener done
Event: 5.189 loading class java/util/EventListener


Dynamic libraries:
0x00007ff7378b0000 - 0x00007ff7378e7000 	C:\Program Files\Java\jdk1.8.0_144\bin\java.exe
0x00007fff63d60000 - 0x00007fff63f40000 	C:\WINDOWS\SYSTEM32\ntdll.dll
0x00007fff61230000 - 0x00007fff612de000 	C:\WINDOWS\System32\KERNEL32.DLL
0x00007fff603d0000 - 0x00007fff60636000 	C:\WINDOWS\System32\KERNELBASE.dll
0x00007fff61c60000 - 0x00007fff61d01000 	C:\WINDOWS\System32\ADVAPI32.dll
0x00007fff62250000 - 0x00007fff622ed000 	C:\WINDOWS\System32\msvcrt.dll
0x00007fff612e0000 - 0x00007fff6133b000 	C:\WINDOWS\System32\sechost.dll
0x00007fff616a0000 - 0x00007fff617bf000 	C:\WINDOWS\System32\RPCRT4.dll
0x00007fff61ad0000 - 0x00007fff61c5f000 	C:\WINDOWS\System32\USER32.dll
0x00007fff60310000 - 0x00007fff60330000 	C:\WINDOWS\System32\win32u.dll
0x00007fff63740000 - 0x00007fff63768000 	C:\WINDOWS\System32\GDI32.dll
0x00007fff60e60000 - 0x00007fff60ff3000 	C:\WINDOWS\System32\gdi32full.dll
0x00007fff60330000 - 0x00007fff603cb000 	C:\WINDOWS\System32\msvcp_win.dll
0x00007fff60210000 - 0x00007fff60306000 	C:\WINDOWS\System32\ucrtbase.dll
0x00007fff5a820000 - 0x00007fff5aa89000 	C:\WINDOWS\WinSxS\amd64_microsoft.windows.common-controls_6595b64144ccf1df_6.0.16299.431_none_15c7d3ee93659e73\COMCTL32.dll
0x00007fff617c0000 - 0x00007fff61ac8000 	C:\WINDOWS\System32\combase.dll
0x00007fff60690000 - 0x00007fff60702000 	C:\WINDOWS\System32\bcryptPrimitives.dll
0x00007fff621c0000 - 0x00007fff621ed000 	C:\WINDOWS\System32\IMM32.DLL
0x0000000059ef0000 - 0x0000000059fc2000 	C:\Program Files\Java\jdk1.8.0_144\jre\bin\msvcr100.dll
0x0000000058760000 - 0x0000000058ffd000 	C:\Program Files\Java\jdk1.8.0_144\jre\bin\server\jvm.dll
0x00007fff622f0000 - 0x00007fff622f8000 	C:\WINDOWS\System32\PSAPI.DLL
0x00007fff5e180000 - 0x00007fff5e1a3000 	C:\WINDOWS\SYSTEM32\WINMM.dll
0x00007fff5af30000 - 0x00007fff5af3a000 	C:\WINDOWS\SYSTEM32\VERSION.dll
0x00007fff4f900000 - 0x00007fff4f909000 	C:\WINDOWS\SYSTEM32\WSOCK32.dll
0x00007fff61570000 - 0x00007fff615dc000 	C:\WINDOWS\System32\WS2_32.dll
0x00007fff5e120000 - 0x00007fff5e14a000 	C:\WINDOWS\SYSTEM32\winmmbase.dll
0x00007fff60640000 - 0x00007fff6068a000 	C:\WINDOWS\System32\cfgmgr32.dll
0x0000000059ee0000 - 0x0000000059eef000 	C:\Program Files\Java\jdk1.8.0_144\jre\bin\verify.dll
0x0000000059eb0000 - 0x0000000059ed9000 	C:\Program Files\Java\jdk1.8.0_144\jre\bin\java.dll
0x0000000059e90000 - 0x0000000059ea6000 	C:\Program Files\Java\jdk1.8.0_144\jre\bin\zip.dll
0x00007fff62300000 - 0x00007fff63738000 	C:\WINDOWS\System32\SHELL32.dll
0x00007fff613a0000 - 0x00007fff61446000 	C:\WINDOWS\System32\shcore.dll
0x00007fff60710000 - 0x00007fff60e57000 	C:\WINDOWS\System32\windows.storage.dll
0x00007fff61340000 - 0x00007fff61391000 	C:\WINDOWS\System32\shlwapi.dll
0x00007fff600f0000 - 0x00007fff60101000 	C:\WINDOWS\System32\kernel.appcore.dll
0x00007fff60110000 - 0x00007fff6015c000 	C:\WINDOWS\System32\powrprof.dll
0x00007fff600b0000 - 0x00007fff600cb000 	C:\WINDOWS\System32\profapi.dll
0x0000000059e70000 - 0x0000000059e8a000 	C:\Program Files\Java\jdk1.8.0_144\jre\bin\net.dll
0x00007fff5f8e0000 - 0x00007fff5f946000 	C:\WINDOWS\system32\mswsock.dll
0x0000000059e50000 - 0x0000000059e61000 	C:\Program Files\Java\jdk1.8.0_144\jre\bin\nio.dll
0x00007fff40b10000 - 0x00007fff40b2e000 	C:\Users\manojm\.gradle\native\23\windows-amd64\native-platform.dll
0x00007fff5faa0000 - 0x00007fff5fab7000 	C:\WINDOWS\SYSTEM32\CRYPTSP.dll
0x00007fff5f4e0000 - 0x00007fff5f513000 	C:\WINDOWS\system32\rsaenh.dll
0x00007fff5fbb0000 - 0x00007fff5fbd5000 	C:\WINDOWS\SYSTEM32\bcrypt.dll
0x00007fff5ffb0000 - 0x00007fff5ffd9000 	C:\WINDOWS\SYSTEM32\USERENV.dll
0x00007fff5fac0000 - 0x00007fff5facb000 	C:\WINDOWS\SYSTEM32\CRYPTBASE.dll
0x00007fff5f670000 - 0x00007fff5f6a9000 	C:\WINDOWS\SYSTEM32\IPHLPAPI.DLL
0x00007fff63a60000 - 0x00007fff63a68000 	C:\WINDOWS\System32\NSI.dll
0x00007fff5c660000 - 0x00007fff5c676000 	C:\WINDOWS\SYSTEM32\dhcpcsvc6.DLL
0x00007fff5c640000 - 0x00007fff5c65a000 	C:\WINDOWS\SYSTEM32\dhcpcsvc.DLL
0x0000000059e40000 - 0x0000000059e4d000 	C:\Program Files\Java\jdk1.8.0_144\jre\bin\management.dll

VM Arguments:
jvm_args: -Xmx1536m -Dfile.encoding=windows-1252 -Duser.country=US -Duser.language=en -Duser.variant 
java_command: org.gradle.launcher.daemon.bootstrap.GradleDaemon 3.3
java_class_path (initial): C:\Users\manojm\.gradle\wrapper\dists\gradle-3.3-all\55gk2rcmfc6p2dg9u9ohc3hw9\gradle-3.3\lib\gradle-launcher-3.3.jar
Launcher Type: SUN_STANDARD

Environment Variables:
JAVA_HOME=C:\Program Files\Java\jdk1.8.0_144\bin
PATH=C:\Python27\;C:\Python27\Scripts;C:\ProgramData\Oracle\Java\javapath;C:\Program Files (x86)\NVIDIA Corporation\PhysX\Common;C:\WINDOWS\system32;C:\WINDOWS;C:\WINDOWS\System32\Wbem;C:\WINDOWS\System32\WindowsPowerShell\v1.0\;C:\WINDOWS\system32\config\systemprofile\.dnx\bin;C:\Program Files\Microsoft DNX\Dnvm\;C:\Program Files\Microsoft SQL Server\120\Tools\Binn\;C:\Program Files\Microsoft SQL Server\130\Tools\Binn\;C:\Program Files (x86)\Microsoft Emulator Manager\1.0\;C:\Program Files\Git\cmd;C:\Program Files (x86)\Windows Kits\10\Windows Performance Toolkit\;C:\Program Files\Microsoft SQL Server\110\Tools\Binn\;C:\Program Files (x86)\Microsoft SQL Server\110\Tools\Binn\ManagementStudio\;C:\Program Files (x86)\Microsoft SQL Server\110\Tools\Binn\;C:\Program Files (x86)\Microsoft Visual Studio 10.0\Common7\IDE\PrivateAssemblies\;C:\Program Files (x86)\Microsoft SQL Server\110\DTS\Binn\;C:\Program Files\Microsoft SQL Server\110\DTS\Binn\;C:\Program Files (x86)\Kaspersky Lab\Kaspersky Endpoint Security 10 for Windows SP1\;C:\Program Files (x86)\Microsoft SQL Server\100\Tools\Binn\;C:\Program Files\Microsoft SQL Server\100\Tools\Binn\;C:\Program Files\Microsoft SQL Server\100\DTS\Binn\;C:\Program Files (x86)\Microsoft SQL Server\90\Tools\binn\;C:\Program Files (x86)\Microsoft SQL Server\100\DTS\Binn\;C:\Users\manojm\AppData\Local\Programs\Python\Python36-32\Scripts;C:\Program Files\nodejs\;C:\Program Files\dotnet\;C:\ProgramData\chocolatey\bin;C:\Users\manojm\AppData\Local\Microsoft\WindowsApps;C:\ProgramData\manojm\GitHubDesktop\bin;C:\Users\manojm\AppData\Roaming\npm
USERNAME=manojm
OS=Windows_NT
PROCESSOR_IDENTIFIER=Intel64 Family 6 Model 42 Stepping 7, GenuineIntel



---------------  S Y S T E M  ---------------

OS: Windows 10.0 , 64 bit Build 16299 (10.0.16299.431)

CPU:total 4 (initial active 4) (2 cores per cpu, 2 threads per core) family 6 model 42 stepping 7, cmov, cx8, fxsr, mmx, sse, sse2, sse3, ssse3, sse4.1, sse4.2, popcnt, avx, clmul, ht, tsc, tscinvbit

Memory: 4k page, physical 8360896k(1560984k free), swap 8360896k(4228k free)

vm_info: Java HotSpot(TM) 64-Bit Server VM (25.144-b01) for windows-amd64 JRE (1.8.0_144-b01), built on Jul 21 2017 21:57:33 by "java_re" with MS VC++ 10.0 (VS2010)

time: Thu Jun 28 15:12:57 2018
elapsed time: 5 seconds (0d 0h 0m 5s)

